{"level":"info","message":"[18:54:31]데이터 베이스 연결 성공","service":"general"}
{"level":"error","message":"[19:20:49][404]/favicon.ico은 없는 페이지 입니다.","service":"general"}
{"level":"error","message":"[19:20:49]Error: /favicon.ico은 없는 페이지 입니다.\n    at C:\\sg\\express\\board\\app.js:60:17\n    at Layer.handle [as handle_request] (C:\\sg\\express\\board\\node_modules\\express\\lib\\router\\layer.js:95:5)\n    at trim_prefix (C:\\sg\\express\\board\\node_modules\\express\\lib\\router\\index.js:317:13)\n    at C:\\sg\\express\\board\\node_modules\\express\\lib\\router\\index.js:284:7\n    at Function.process_params (C:\\sg\\express\\board\\node_modules\\express\\lib\\router\\index.js:335:12)\n    at next (C:\\sg\\express\\board\\node_modules\\express\\lib\\router\\index.js:275:10)\n    at C:\\sg\\express\\board\\node_modules\\express\\lib\\router\\index.js:635:15\n    at next (C:\\sg\\express\\board\\node_modules\\express\\lib\\router\\index.js:260:14)\n    at Function.handle (C:\\sg\\express\\board\\node_modules\\express\\lib\\router\\index.js:174:3)\n    at router (C:\\sg\\express\\board\\node_modules\\express\\lib\\router\\index.js:47:12)","service":"general"}
{"level":"info","message":"[19:39:01]데이터 베이스 연결 성공","service":"general"}
{"level":"info","message":"[19:42:29]데이터 베이스 연결 성공","service":"general"}
{"level":"info","message":"[19:42:53]데이터 베이스 연결 성공","service":"general"}
{"level":"info","message":"[19:44:22]데이터 베이스 연결 성공","service":"general"}
{"level":"info","message":"[19:44:35]데이터 베이스 연결 성공","service":"general"}
{"level":"info","message":"[19:44:53]데이터 베이스 연결 성공","service":"general"}
{"level":"info","message":"[19:45:26]데이터 베이스 연결 성공","service":"general"}
{"level":"info","message":"[19:46:28]데이터 베이스 연결 성공","service":"general"}
{"level":"info","message":"[19:48:55]데이터 베이스 연결 성공","service":"general"}
{"level":"info","message":"[19:48:59]데이터 베이스 연결 성공","service":"general"}
{"level":"info","message":"[19:49:04]데이터 베이스 연결 성공","service":"general"}
{"level":"info","message":"[19:49:35]데이터 베이스 연결 성공","service":"general"}
{"level":"info","message":"[19:51:10]데이터 베이스 연결 성공","service":"general"}
{"level":"info","message":"[19:51:33]데이터 베이스 연결 성공","service":"general"}
{"level":"info","message":"[19:51:48]데이터 베이스 연결 성공","service":"general"}
{"level":"info","message":"[19:52:11]데이터 베이스 연결 성공","service":"general"}
{"level":"info","message":"[19:59:10]데이터 베이스 연결 성공","service":"general"}
{"level":"error","message":"[19:59:30]ReferenceError: reqlacements is not defined\n    at Object.join (C:\\sg\\express\\board\\models\\member.js:28:9)\n    at C:\\sg\\express\\board\\routes\\member\\index.js:21:12\n    at Layer.handle [as handle_request] (C:\\sg\\express\\board\\node_modules\\express\\lib\\router\\layer.js:95:5)\n    at next (C:\\sg\\express\\board\\node_modules\\express\\lib\\router\\route.js:137:13)\n    at next (C:\\sg\\express\\board\\node_modules\\express\\lib\\router\\route.js:131:14)\n    at Route.dispatch (C:\\sg\\express\\board\\node_modules\\express\\lib\\router\\route.js:112:3)\n    at Layer.handle [as handle_request] (C:\\sg\\express\\board\\node_modules\\express\\lib\\router\\layer.js:95:5)\n    at C:\\sg\\express\\board\\node_modules\\express\\lib\\router\\index.js:281:22\n    at Function.process_params (C:\\sg\\express\\board\\node_modules\\express\\lib\\router\\index.js:335:12)\n    at next (C:\\sg\\express\\board\\node_modules\\express\\lib\\router\\index.js:275:10)","service":"general"}
{"level":"error","message":"[19:59:30]reqlacements is not defined","service":"general"}
{"level":"info","message":"[20:01:41]데이터 베이스 연결 성공","service":"general"}
{"level":"error","message":"[20:01:47]ReferenceError: reqlacements is not defined\n    at Object.join (C:\\sg\\express\\board\\models\\member.js:28:9)\n    at C:\\sg\\express\\board\\routes\\member\\index.js:22:10\n    at Layer.handle [as handle_request] (C:\\sg\\express\\board\\node_modules\\express\\lib\\router\\layer.js:95:5)\n    at next (C:\\sg\\express\\board\\node_modules\\express\\lib\\router\\route.js:137:13)\n    at next (C:\\sg\\express\\board\\node_modules\\express\\lib\\router\\route.js:131:14)\n    at Route.dispatch (C:\\sg\\express\\board\\node_modules\\express\\lib\\router\\route.js:112:3)\n    at Layer.handle [as handle_request] (C:\\sg\\express\\board\\node_modules\\express\\lib\\router\\layer.js:95:5)\n    at C:\\sg\\express\\board\\node_modules\\express\\lib\\router\\index.js:281:22\n    at Function.process_params (C:\\sg\\express\\board\\node_modules\\express\\lib\\router\\index.js:335:12)\n    at next (C:\\sg\\express\\board\\node_modules\\express\\lib\\router\\index.js:275:10)","service":"general"}
{"level":"error","message":"[20:01:47]reqlacements is not defined","service":"general"}
{"level":"info","message":"[20:02:28]데이터 베이스 연결 성공","service":"general"}
{"level":"info","message":"[20:08:45]데이터 베이스 연결 성공","service":"general"}
{"level":"info","message":"[20:09:23]데이터 베이스 연결 성공","service":"general"}
{"level":"info","message":"[20:11:00]데이터 베이스 연결 성공","service":"general"}
{"level":"info","message":"[20:11:49]데이터 베이스 연결 성공","service":"general"}
{"level":"info","message":"[20:12:43]데이터 베이스 연결 성공","service":"general"}
{"level":"info","message":"[20:13:44]데이터 베이스 연결 성공","service":"general"}
{"level":"info","message":"[20:14:22]데이터 베이스 연결 성공","service":"general"}
{"level":"info","message":"[20:15:50]데이터 베이스 연결 성공","service":"general"}
{"level":"info","message":"[20:17:28]데이터 베이스 연결 성공","service":"general"}
{"level":"info","message":"[20:17:43]데이터 베이스 연결 성공","service":"general"}
{"level":"info","message":"[20:17:55]데이터 베이스 연결 성공","service":"general"}
{"level":"error","message":"[20:18:04]resutl is not defined","service":"general"}
{"level":"error","message":"[20:18:04]ReferenceError: resutl is not defined\n    at Object.join (C:\\sg\\express\\board\\models\\member.js:36:7)\n    at processTicksAndRejections (internal/process/task_queues.js:95:5)\n    at async C:\\sg\\express\\board\\routes\\member\\index.js:22:17","service":"general"}
{"level":"info","message":"[20:18:59]데이터 베이스 연결 성공","service":"general"}
{"level":"info","message":"[20:21:26]데이터 베이스 연결 성공","service":"general"}
{"level":"info","message":"[20:22:42]데이터 베이스 연결 성공","service":"general"}
{"level":"info","message":"[20:25:36]데이터 베이스 연결 성공","service":"general"}
{"level":"info","message":"[20:26:56]데이터 베이스 연결 성공","service":"general"}
{"level":"info","message":"[20:35:25]데이터 베이스 연결 성공","service":"general"}
{"level":"info","message":"[20:38:31]데이터 베이스 연결 성공","service":"general"}
{"level":"info","message":"[20:40:27]데이터 베이스 연결 성공","service":"general"}
{"level":"info","message":"[20:41:03]데이터 베이스 연결 성공","service":"general"}
